[2024-07-07 21:41:26] local.ERROR: View [.index] not found. {"exception":"[object] (InvalidArgumentException(code: 0): View [.index] not found. at /Users/budisubawa/Kuliah/Semester 6/KKN/proker KKn/desa/vendor/laravel/framework/src/Illuminate/View/FileViewFinder.php:137)
[stacktrace]
#0 /Users/budisubawa/Kuliah/Semester 6/KKN/proker KKn/desa/vendor/laravel/framework/src/Illuminate/View/FileViewFinder.php(79): Illuminate\\View\\FileViewFinder->findInPaths('.index', Array)
#1 /Users/budisubawa/Kuliah/Semester 6/KKN/proker KKn/desa/vendor/laravel/framework/src/Illuminate/View/Factory.php(137): Illuminate\\View\\FileViewFinder->find('.index')
#2 /Users/budisubawa/Kuliah/Semester 6/KKN/proker KKn/desa/vendor/laravel/framework/src/Illuminate/Foundation/helpers.php(1020): Illuminate\\View\\Factory->make('.index', Array, Array)
#3 /Users/budisubawa/Kuliah/Semester 6/KKN/proker KKn/desa/app/Http/Controllers/BerandaController.php(15): view('/index', Array)
#4 /Users/budisubawa/Kuliah/Semester 6/KKN/proker KKn/desa/vendor/laravel/framework/src/Illuminate/Routing/Controller.php(54): App\\Http\\Controllers\\BerandaController->index()
#5 /Users/budisubawa/Kuliah/Semester 6/KKN/proker KKn/desa/vendor/laravel/framework/src/Illuminate/Routing/ControllerDispatcher.php(43): Illuminate\\Routing\\Controller->callAction('index', Array)
#6 /Users/budisubawa/Kuliah/Semester 6/KKN/proker KKn/desa/vendor/laravel/framework/src/Illuminate/Routing/Route.php(259): Illuminate\\Routing\\ControllerDispatcher->dispatch(Object(Illuminate\\Routing\\Route), Object(App\\Http\\Controllers\\BerandaController), 'index')
#7 /Users/budisubawa/Kuliah/Semester 6/KKN/proker KKn/desa/vendor/laravel/framework/src/Illuminate/Routing/Route.php(205): Illuminate\\Routing\\Route->runController()
#8 /Users/budisubawa/Kuliah/Semester 6/KKN/proker KKn/desa/vendor/laravel/framework/src/Illuminate/Routing/Router.php(799): Illuminate\\Routing\\Route->run()
#9 /Users/budisubawa/Kuliah/Semester 6/KKN/proker KKn/desa/vendor/laravel/framework/src/Illuminate/Pipeline/Pipeline.php(141): Illuminate\\Routing\\Router->Illuminate\\Routing\\{closure}(Object(Illuminate\\Http\\Request))
#10 /Users/budisubawa/Kuliah/Semester 6/KKN/proker KKn/desa/app/Http/Middleware/LogoSite.php(47): Illuminate\\Pipeline\\Pipeline->Illuminate\\Pipeline\\{closure}(Object(Illuminate\\Http\\Request))
#11 /Users/budisubawa/Kuliah/Semester 6/KKN/proker KKn/desa/vendor/laravel/framework/src/Illuminate/Pipeline/Pipeline.php(180): App\\Http\\Middleware\\LogoSite->handle(Object(Illuminate\\Http\\Request), Object(Closure))
#12 /Users/budisubawa/Kuliah/Semester 6/KKN/proker KKn/desa/vendor/laravel/framework/src/Illuminate/Routing/Middleware/SubstituteBindings.php(50): Illuminate\\Pipeline\\Pipeline->Illuminate\\Pipeline\\{closure}(Object(Illuminate\\Http\\Request))
#13 /Users/budisubawa/Kuliah/Semester 6/KKN/proker KKn/desa/vendor/laravel/framework/src/Illuminate/Pipeline/Pipeline.php(180): Illuminate\\Routing\\Middleware\\SubstituteBindings->handle(Object(Illuminate\\Http\\Request), Object(Closure))
#14 /Users/budisubawa/Kuliah/Semester 6/KKN/proker KKn/desa/vendor/laravel/framework/src/Illuminate/Foundation/Http/Middleware/VerifyCsrfToken.php(78): Illuminate\\Pipeline\\Pipeline->Illuminate\\Pipeline\\{closure}(Object(Illuminate\\Http\\Request))
#15 /Users/budisubawa/Kuliah/Semester 6/KKN/proker KKn/desa/vendor/laravel/framework/src/Illuminate/Pipeline/Pipeline.php(180): Illuminate\\Foundation\\Http\\Middleware\\VerifyCsrfToken->handle(Object(Illuminate\\Http\\Request), Object(Closure))
#16 /Users/budisubawa/Kuliah/Semester 6/KKN/proker KKn/desa/vendor/laravel/framework/src/Illuminate/View/Middleware/ShareErrorsFromSession.php(49): Illuminate\\Pipeline\\Pipeline->Illuminate\\Pipeline\\{closure}(Object(Illuminate\\Http\\Request))
#17 /Users/budisubawa/Kuliah/Semester 6/KKN/proker KKn/desa/vendor/laravel/framework/src/Illuminate/Pipeline/Pipeline.php(180): Illuminate\\View\\Middleware\\ShareErrorsFromSession->handle(Object(Illuminate\\Http\\Request), Object(Closure))
#18 /Users/budisubawa/Kuliah/Semester 6/KKN/proker KKn/desa/vendor/laravel/framework/src/Illuminate/Session/Middleware/StartSession.php(121): Illuminate\\Pipeline\\Pipeline->Illuminate\\Pipeline\\{closure}(Object(Illuminate\\Http\\Request))
#19 /Users/budisubawa/Kuliah/Semester 6/KKN/proker KKn/desa/vendor/laravel/framework/src/Illuminate/Session/Middleware/StartSession.php(64): Illuminate\\Session\\Middleware\\StartSession->handleStatefulRequest(Object(Illuminate\\Http\\Request), Object(Illuminate\\Session\\Store), Object(Closure))
#20 /Users/budisubawa/Kuliah/Semester 6/KKN/proker KKn/desa/vendor/laravel/framework/src/Illuminate/Pipeline/Pipeline.php(180): Illuminate\\Session\\Middleware\\StartSession->handle(Object(Illuminate\\Http\\Request), Object(Closure))
#21 /Users/budisubawa/Kuliah/Semester 6/KKN/proker KKn/desa/vendor/laravel/framework/src/Illuminate/Cookie/Middleware/AddQueuedCookiesToResponse.php(37): Illuminate\\Pipeline\\Pipeline->Illuminate\\Pipeline\\{closure}(Object(Illuminate\\Http\\Request))
#22 /Users/budisubawa/Kuliah/Semester 6/KKN/proker KKn/desa/vendor/laravel/framework/src/Illuminate/Pipeline/Pipeline.php(180): Illuminate\\Cookie\\Middleware\\AddQueuedCookiesToResponse->handle(Object(Illuminate\\Http\\Request), Object(Closure))
#23 /Users/budisubawa/Kuliah/Semester 6/KKN/proker KKn/desa/vendor/laravel/framework/src/Illuminate/Cookie/Middleware/EncryptCookies.php(67): Illuminate\\Pipeline\\Pipeline->Illuminate\\Pipeline\\{closure}(Object(Illuminate\\Http\\Request))
#24 /Users/budisubawa/Kuliah/Semester 6/KKN/proker KKn/desa/vendor/laravel/framework/src/Illuminate/Pipeline/Pipeline.php(180): Illuminate\\Cookie\\Middleware\\EncryptCookies->handle(Object(Illuminate\\Http\\Request), Object(Closure))
#25 /Users/budisubawa/Kuliah/Semester 6/KKN/proker KKn/desa/vendor/laravel/framework/src/Illuminate/Pipeline/Pipeline.php(116): Illuminate\\Pipeline\\Pipeline->Illuminate\\Pipeline\\{closure}(Object(Illuminate\\Http\\Request))
#26 /Users/budisubawa/Kuliah/Semester 6/KKN/proker KKn/desa/vendor/laravel/framework/src/Illuminate/Routing/Router.php(798): Illuminate\\Pipeline\\Pipeline->then(Object(Closure))
#27 /Users/budisubawa/Kuliah/Semester 6/KKN/proker KKn/desa/vendor/laravel/framework/src/Illuminate/Routing/Router.php(777): Illuminate\\Routing\\Router->runRouteWithinStack(Object(Illuminate\\Routing\\Route), Object(Illuminate\\Http\\Request))
#28 /Users/budisubawa/Kuliah/Semester 6/KKN/proker KKn/desa/vendor/laravel/framework/src/Illuminate/Routing/Router.php(741): Illuminate\\Routing\\Router->runRoute(Object(Illuminate\\Http\\Request), Object(Illuminate\\Routing\\Route))
#29 /Users/budisubawa/Kuliah/Semester 6/KKN/proker KKn/desa/vendor/laravel/framework/src/Illuminate/Routing/Router.php(730): Illuminate\\Routing\\Router->dispatchToRoute(Object(Illuminate\\Http\\Request))
#30 /Users/budisubawa/Kuliah/Semester 6/KKN/proker KKn/desa/vendor/laravel/framework/src/Illuminate/Foundation/Http/Kernel.php(200): Illuminate\\Routing\\Router->dispatch(Object(Illuminate\\Http\\Request))
#31 /Users/budisubawa/Kuliah/Semester 6/KKN/proker KKn/desa/vendor/laravel/framework/src/Illuminate/Pipeline/Pipeline.php(141): Illuminate\\Foundation\\Http\\Kernel->Illuminate\\Foundation\\Http\\{closure}(Object(Illuminate\\Http\\Request))
#32 /Users/budisubawa/Kuliah/Semester 6/KKN/proker KKn/desa/vendor/yajra/laravel-disqus/src/DisqusMiddleware.php(19): Illuminate\\Pipeline\\Pipeline->Illuminate\\Pipeline\\{closure}(Object(Illuminate\\Http\\Request))
#33 /Users/budisubawa/Kuliah/Semester 6/KKN/proker KKn/desa/vendor/laravel/framework/src/Illuminate/Pipeline/Pipeline.php(180): Yajra\\Disqus\\DisqusMiddleware->handle(Object(Illuminate\\Http\\Request), Object(Closure))
#34 /Users/budisubawa/Kuliah/Semester 6/KKN/proker KKn/desa/vendor/laravel/framework/src/Illuminate/Foundation/Http/Middleware/TransformsRequest.php(21): Illuminate\\Pipeline\\Pipeline->Illuminate\\Pipeline\\{closure}(Object(Illuminate\\Http\\Request))
#35 /Users/budisubawa/Kuliah/Semester 6/KKN/proker KKn/desa/vendor/laravel/framework/src/Illuminate/Foundation/Http/Middleware/ConvertEmptyStringsToNull.php(31): Illuminate\\Foundation\\Http\\Middleware\\TransformsRequest->handle(Object(Illuminate\\Http\\Request), Object(Closure))
#36 /Users/budisubawa/Kuliah/Semester 6/KKN/proker KKn/desa/vendor/laravel/framework/src/Illuminate/Pipeline/Pipeline.php(180): Illuminate\\Foundation\\Http\\Middleware\\ConvertEmptyStringsToNull->handle(Object(Illuminate\\Http\\Request), Object(Closure))
#37 /Users/budisubawa/Kuliah/Semester 6/KKN/proker KKn/desa/vendor/laravel/framework/src/Illuminate/Foundation/Http/Middleware/TransformsRequest.php(21): Illuminate\\Pipeline\\Pipeline->Illuminate\\Pipeline\\{closure}(Object(Illuminate\\Http\\Request))
#38 /Users/budisubawa/Kuliah/Semester 6/KKN/proker KKn/desa/vendor/laravel/framework/src/Illuminate/Foundation/Http/Middleware/TrimStrings.php(40): Illuminate\\Foundation\\Http\\Middleware\\TransformsRequest->handle(Object(Illuminate\\Http\\Request), Object(Closure))
#39 /Users/budisubawa/Kuliah/Semester 6/KKN/proker KKn/desa/vendor/laravel/framework/src/Illuminate/Pipeline/Pipeline.php(180): Illuminate\\Foundation\\Http\\Middleware\\TrimStrings->handle(Object(Illuminate\\Http\\Request), Object(Closure))
#40 /Users/budisubawa/Kuliah/Semester 6/KKN/proker KKn/desa/vendor/laravel/framework/src/Illuminate/Foundation/Http/Middleware/ValidatePostSize.php(27): Illuminate\\Pipeline\\Pipeline->Illuminate\\Pipeline\\{closure}(Object(Illuminate\\Http\\Request))
#41 /Users/budisubawa/Kuliah/Semester 6/KKN/proker KKn/desa/vendor/laravel/framework/src/Illuminate/Pipeline/Pipeline.php(180): Illuminate\\Foundation\\Http\\Middleware\\ValidatePostSize->handle(Object(Illuminate\\Http\\Request), Object(Closure))
#42 /Users/budisubawa/Kuliah/Semester 6/KKN/proker KKn/desa/vendor/laravel/framework/src/Illuminate/Foundation/Http/Middleware/PreventRequestsDuringMaintenance.php(89): Illuminate\\Pipeline\\Pipeline->Illuminate\\Pipeline\\{closure}(Object(Illuminate\\Http\\Request))
#43 /Users/budisubawa/Kuliah/Semester 6/KKN/proker KKn/desa/vendor/laravel/framework/src/Illuminate/Pipeline/Pipeline.php(180): Illuminate\\Foundation\\Http\\Middleware\\PreventRequestsDuringMaintenance->handle(Object(Illuminate\\Http\\Request), Object(Closure))
#44 /Users/budisubawa/Kuliah/Semester 6/KKN/proker KKn/desa/vendor/laravel/framework/src/Illuminate/Http/Middleware/HandleCors.php(49): Illuminate\\Pipeline\\Pipeline->Illuminate\\Pipeline\\{closure}(Object(Illuminate\\Http\\Request))
#45 /Users/budisubawa/Kuliah/Semester 6/KKN/proker KKn/desa/vendor/laravel/framework/src/Illuminate/Pipeline/Pipeline.php(180): Illuminate\\Http\\Middleware\\HandleCors->handle(Object(Illuminate\\Http\\Request), Object(Closure))
#46 /Users/budisubawa/Kuliah/Semester 6/KKN/proker KKn/desa/vendor/laravel/framework/src/Illuminate/Http/Middleware/TrustProxies.php(39): Illuminate\\Pipeline\\Pipeline->Illuminate\\Pipeline\\{closure}(Object(Illuminate\\Http\\Request))
#47 /Users/budisubawa/Kuliah/Semester 6/KKN/proker KKn/desa/vendor/laravel/framework/src/Illuminate/Pipeline/Pipeline.php(180): Illuminate\\Http\\Middleware\\TrustProxies->handle(Object(Illuminate\\Http\\Request), Object(Closure))
#48 /Users/budisubawa/Kuliah/Semester 6/KKN/proker KKn/desa/vendor/laravel/framework/src/Illuminate/Pipeline/Pipeline.php(116): Illuminate\\Pipeline\\Pipeline->Illuminate\\Pipeline\\{closure}(Object(Illuminate\\Http\\Request))
#49 /Users/budisubawa/Kuliah/Semester 6/KKN/proker KKn/desa/vendor/laravel/framework/src/Illuminate/Foundation/Http/Kernel.php(175): Illuminate\\Pipeline\\Pipeline->then(Object(Closure))
#50 /Users/budisubawa/Kuliah/Semester 6/KKN/proker KKn/desa/vendor/laravel/framework/src/Illuminate/Foundation/Http/Kernel.php(144): Illuminate\\Foundation\\Http\\Kernel->sendRequestThroughRouter(Object(Illuminate\\Http\\Request))
#51 /Users/budisubawa/Kuliah/Semester 6/KKN/proker KKn/desa/public/index.php(51): Illuminate\\Foundation\\Http\\Kernel->handle(Object(Illuminate\\Http\\Request))
#52 /Users/budisubawa/Kuliah/Semester 6/KKN/proker KKn/desa/vendor/laravel/framework/src/Illuminate/Foundation/resources/server.php(16): require_once('/Users/budisuba...')
#53 {main}
"} 
[2024-07-07 21:41:27] local.ERROR: file_put_contents(D:\Applications\desa\storage\framework/sessions/oXeaCEmZ6qXOFEadpBOsgJaVhlxXLLMx0oVWwoRO): Failed to open stream: No such file or directory {"exception":"[object] (ErrorException(code: 0): file_put_contents(D:\\Applications\\desa\\storage\\framework/sessions/oXeaCEmZ6qXOFEadpBOsgJaVhlxXLLMx0oVWwoRO): Failed to open stream: No such file or directory at /Users/budisubawa/Kuliah/Semester 6/KKN/proker KKn/desa/vendor/laravel/framework/src/Illuminate/Filesystem/Filesystem.php:205)
[stacktrace]
#0 /Users/budisubawa/Kuliah/Semester 6/KKN/proker KKn/desa/vendor/laravel/framework/src/Illuminate/Foundation/Bootstrap/HandleExceptions.php(254): Illuminate\\Foundation\\Bootstrap\\HandleExceptions->handleError(2, 'file_put_conten...', '/Users/budisuba...', 205)
#1 [internal function]: Illuminate\\Foundation\\Bootstrap\\HandleExceptions->Illuminate\\Foundation\\Bootstrap\\{closure}(2, 'file_put_conten...', '/Users/budisuba...', 205)
#2 /Users/budisubawa/Kuliah/Semester 6/KKN/proker KKn/desa/vendor/laravel/framework/src/Illuminate/Filesystem/Filesystem.php(205): file_put_contents('D:\\\\Applications...', 'a:3:{s:6:\"_toke...', 2)
#3 /Users/budisubawa/Kuliah/Semester 6/KKN/proker KKn/desa/vendor/laravel/framework/src/Illuminate/Session/FileSessionHandler.php(90): Illuminate\\Filesystem\\Filesystem->put('D:\\\\Applications...', 'a:3:{s:6:\"_toke...', true)
#4 /Users/budisubawa/Kuliah/Semester 6/KKN/proker KKn/desa/vendor/laravel/framework/src/Illuminate/Session/Store.php(172): Illuminate\\Session\\FileSessionHandler->write('oXeaCEmZ6qXOFEa...', 'a:3:{s:6:\"_toke...')
#5 /Users/budisubawa/Kuliah/Semester 6/KKN/proker KKn/desa/vendor/laravel/framework/src/Illuminate/Session/Middleware/StartSession.php(238): Illuminate\\Session\\Store->save()
#6 /Users/budisubawa/Kuliah/Semester 6/KKN/proker KKn/desa/vendor/laravel/framework/src/Illuminate/Session/Middleware/StartSession.php(130): Illuminate\\Session\\Middleware\\StartSession->saveSession(Object(Illuminate\\Http\\Request))
#7 /Users/budisubawa/Kuliah/Semester 6/KKN/proker KKn/desa/vendor/laravel/framework/src/Illuminate/Session/Middleware/StartSession.php(64): Illuminate\\Session\\Middleware\\StartSession->handleStatefulRequest(Object(Illuminate\\Http\\Request), Object(Illuminate\\Session\\Store), Object(Closure))
#8 /Users/budisubawa/Kuliah/Semester 6/KKN/proker KKn/desa/vendor/laravel/framework/src/Illuminate/Pipeline/Pipeline.php(180): Illuminate\\Session\\Middleware\\StartSession->handle(Object(Illuminate\\Http\\Request), Object(Closure))
#9 /Users/budisubawa/Kuliah/Semester 6/KKN/proker KKn/desa/vendor/laravel/framework/src/Illuminate/Cookie/Middleware/AddQueuedCookiesToResponse.php(37): Illuminate\\Pipeline\\Pipeline->Illuminate\\Pipeline\\{closure}(Object(Illuminate\\Http\\Request))
#10 /Users/budisubawa/Kuliah/Semester 6/KKN/proker KKn/desa/vendor/laravel/framework/src/Illuminate/Pipeline/Pipeline.php(180): Illuminate\\Cookie\\Middleware\\AddQueuedCookiesToResponse->handle(Object(Illuminate\\Http\\Request), Object(Closure))
#11 /Users/budisubawa/Kuliah/Semester 6/KKN/proker KKn/desa/vendor/laravel/framework/src/Illuminate/Cookie/Middleware/EncryptCookies.php(67): Illuminate\\Pipeline\\Pipeline->Illuminate\\Pipeline\\{closure}(Object(Illuminate\\Http\\Request))
#12 /Users/budisubawa/Kuliah/Semester 6/KKN/proker KKn/desa/vendor/laravel/framework/src/Illuminate/Pipeline/Pipeline.php(180): Illuminate\\Cookie\\Middleware\\EncryptCookies->handle(Object(Illuminate\\Http\\Request), Object(Closure))
#13 /Users/budisubawa/Kuliah/Semester 6/KKN/proker KKn/desa/vendor/laravel/framework/src/Illuminate/Pipeline/Pipeline.php(116): Illuminate\\Pipeline\\Pipeline->Illuminate\\Pipeline\\{closure}(Object(Illuminate\\Http\\Request))
#14 /Users/budisubawa/Kuliah/Semester 6/KKN/proker KKn/desa/vendor/laravel/framework/src/Illuminate/Routing/Router.php(798): Illuminate\\Pipeline\\Pipeline->then(Object(Closure))
#15 /Users/budisubawa/Kuliah/Semester 6/KKN/proker KKn/desa/vendor/laravel/framework/src/Illuminate/Routing/Router.php(777): Illuminate\\Routing\\Router->runRouteWithinStack(Object(Illuminate\\Routing\\Route), Object(Illuminate\\Http\\Request))
#16 /Users/budisubawa/Kuliah/Semester 6/KKN/proker KKn/desa/vendor/laravel/framework/src/Illuminate/Routing/Router.php(741): Illuminate\\Routing\\Router->runRoute(Object(Illuminate\\Http\\Request), Object(Illuminate\\Routing\\Route))
#17 /Users/budisubawa/Kuliah/Semester 6/KKN/proker KKn/desa/vendor/laravel/framework/src/Illuminate/Routing/Router.php(730): Illuminate\\Routing\\Router->dispatchToRoute(Object(Illuminate\\Http\\Request))
#18 /Users/budisubawa/Kuliah/Semester 6/KKN/proker KKn/desa/vendor/laravel/framework/src/Illuminate/Foundation/Http/Kernel.php(200): Illuminate\\Routing\\Router->dispatch(Object(Illuminate\\Http\\Request))
#19 /Users/budisubawa/Kuliah/Semester 6/KKN/proker KKn/desa/vendor/laravel/framework/src/Illuminate/Pipeline/Pipeline.php(141): Illuminate\\Foundation\\Http\\Kernel->Illuminate\\Foundation\\Http\\{closure}(Object(Illuminate\\Http\\Request))
#20 /Users/budisubawa/Kuliah/Semester 6/KKN/proker KKn/desa/vendor/yajra/laravel-disqus/src/DisqusMiddleware.php(19): Illuminate\\Pipeline\\Pipeline->Illuminate\\Pipeline\\{closure}(Object(Illuminate\\Http\\Request))
#21 /Users/budisubawa/Kuliah/Semester 6/KKN/proker KKn/desa/vendor/laravel/framework/src/Illuminate/Pipeline/Pipeline.php(180): Yajra\\Disqus\\DisqusMiddleware->handle(Object(Illuminate\\Http\\Request), Object(Closure))
#22 /Users/budisubawa/Kuliah/Semester 6/KKN/proker KKn/desa/vendor/laravel/framework/src/Illuminate/Foundation/Http/Middleware/TransformsRequest.php(21): Illuminate\\Pipeline\\Pipeline->Illuminate\\Pipeline\\{closure}(Object(Illuminate\\Http\\Request))
#23 /Users/budisubawa/Kuliah/Semester 6/KKN/proker KKn/desa/vendor/laravel/framework/src/Illuminate/Foundation/Http/Middleware/ConvertEmptyStringsToNull.php(31): Illuminate\\Foundation\\Http\\Middleware\\TransformsRequest->handle(Object(Illuminate\\Http\\Request), Object(Closure))
#24 /Users/budisubawa/Kuliah/Semester 6/KKN/proker KKn/desa/vendor/laravel/framework/src/Illuminate/Pipeline/Pipeline.php(180): Illuminate\\Foundation\\Http\\Middleware\\ConvertEmptyStringsToNull->handle(Object(Illuminate\\Http\\Request), Object(Closure))
#25 /Users/budisubawa/Kuliah/Semester 6/KKN/proker KKn/desa/vendor/laravel/framework/src/Illuminate/Foundation/Http/Middleware/TransformsRequest.php(21): Illuminate\\Pipeline\\Pipeline->Illuminate\\Pipeline\\{closure}(Object(Illuminate\\Http\\Request))
#26 /Users/budisubawa/Kuliah/Semester 6/KKN/proker KKn/desa/vendor/laravel/framework/src/Illuminate/Foundation/Http/Middleware/TrimStrings.php(40): Illuminate\\Foundation\\Http\\Middleware\\TransformsRequest->handle(Object(Illuminate\\Http\\Request), Object(Closure))
#27 /Users/budisubawa/Kuliah/Semester 6/KKN/proker KKn/desa/vendor/laravel/framework/src/Illuminate/Pipeline/Pipeline.php(180): Illuminate\\Foundation\\Http\\Middleware\\TrimStrings->handle(Object(Illuminate\\Http\\Request), Object(Closure))
#28 /Users/budisubawa/Kuliah/Semester 6/KKN/proker KKn/desa/vendor/laravel/framework/src/Illuminate/Foundation/Http/Middleware/ValidatePostSize.php(27): Illuminate\\Pipeline\\Pipeline->Illuminate\\Pipeline\\{closure}(Object(Illuminate\\Http\\Request))
#29 /Users/budisubawa/Kuliah/Semester 6/KKN/proker KKn/desa/vendor/laravel/framework/src/Illuminate/Pipeline/Pipeline.php(180): Illuminate\\Foundation\\Http\\Middleware\\ValidatePostSize->handle(Object(Illuminate\\Http\\Request), Object(Closure))
#30 /Users/budisubawa/Kuliah/Semester 6/KKN/proker KKn/desa/vendor/laravel/framework/src/Illuminate/Foundation/Http/Middleware/PreventRequestsDuringMaintenance.php(89): Illuminate\\Pipeline\\Pipeline->Illuminate\\Pipeline\\{closure}(Object(Illuminate\\Http\\Request))
#31 /Users/budisubawa/Kuliah/Semester 6/KKN/proker KKn/desa/vendor/laravel/framework/src/Illuminate/Pipeline/Pipeline.php(180): Illuminate\\Foundation\\Http\\Middleware\\PreventRequestsDuringMaintenance->handle(Object(Illuminate\\Http\\Request), Object(Closure))
#32 /Users/budisubawa/Kuliah/Semester 6/KKN/proker KKn/desa/vendor/laravel/framework/src/Illuminate/Http/Middleware/HandleCors.php(49): Illuminate\\Pipeline\\Pipeline->Illuminate\\Pipeline\\{closure}(Object(Illuminate\\Http\\Request))
#33 /Users/budisubawa/Kuliah/Semester 6/KKN/proker KKn/desa/vendor/laravel/framework/src/Illuminate/Pipeline/Pipeline.php(180): Illuminate\\Http\\Middleware\\HandleCors->handle(Object(Illuminate\\Http\\Request), Object(Closure))
#34 /Users/budisubawa/Kuliah/Semester 6/KKN/proker KKn/desa/vendor/laravel/framework/src/Illuminate/Http/Middleware/TrustProxies.php(39): Illuminate\\Pipeline\\Pipeline->Illuminate\\Pipeline\\{closure}(Object(Illuminate\\Http\\Request))
#35 /Users/budisubawa/Kuliah/Semester 6/KKN/proker KKn/desa/vendor/laravel/framework/src/Illuminate/Pipeline/Pipeline.php(180): Illuminate\\Http\\Middleware\\TrustProxies->handle(Object(Illuminate\\Http\\Request), Object(Closure))
#36 /Users/budisubawa/Kuliah/Semester 6/KKN/proker KKn/desa/vendor/laravel/framework/src/Illuminate/Pipeline/Pipeline.php(116): Illuminate\\Pipeline\\Pipeline->Illuminate\\Pipeline\\{closure}(Object(Illuminate\\Http\\Request))
#37 /Users/budisubawa/Kuliah/Semester 6/KKN/proker KKn/desa/vendor/laravel/framework/src/Illuminate/Foundation/Http/Kernel.php(175): Illuminate\\Pipeline\\Pipeline->then(Object(Closure))
#38 /Users/budisubawa/Kuliah/Semester 6/KKN/proker KKn/desa/vendor/laravel/framework/src/Illuminate/Foundation/Http/Kernel.php(144): Illuminate\\Foundation\\Http\\Kernel->sendRequestThroughRouter(Object(Illuminate\\Http\\Request))
#39 /Users/budisubawa/Kuliah/Semester 6/KKN/proker KKn/desa/public/index.php(51): Illuminate\\Foundation\\Http\\Kernel->handle(Object(Illuminate\\Http\\Request))
#40 /Users/budisubawa/Kuliah/Semester 6/KKN/proker KKn/desa/vendor/laravel/framework/src/Illuminate/Foundation/resources/server.php(16): require_once('/Users/budisuba...')
#41 {main}
"} 
